[19:36:37] [Server console handler/ERROR]: Exception handling console input
java.io.IOException: The handle is invalid
	at java.io.FileInputStream.readBytes(Native Method) ~[?:1.8.0_65]
	at java.io.FileInputStream.read(Unknown Source) ~[?:1.8.0_65]
	at java.io.BufferedInputStream.read1(Unknown Source) ~[?:1.8.0_65]
	at java.io.BufferedInputStream.read(Unknown Source) ~[?:1.8.0_65]
	at sun.nio.cs.StreamDecoder.readBytes(Unknown Source) ~[?:1.8.0_65]
	at sun.nio.cs.StreamDecoder.implRead(Unknown Source) ~[?:1.8.0_65]
	at sun.nio.cs.StreamDecoder.read(Unknown Source) ~[?:1.8.0_65]
	at java.io.InputStreamReader.read(Unknown Source) ~[?:1.8.0_65]
	at java.io.BufferedReader.fill(Unknown Source) ~[?:1.8.0_65]
	at java.io.BufferedReader.readLine(Unknown Source) ~[?:1.8.0_65]
	at java.io.BufferedReader.readLine(Unknown Source) ~[?:1.8.0_65]
	at la$2.run(SourceFile:93) [minecraft_server.1.9.jar:?]
[19:36:37] [Server thread/INFO]: Starting minecraft server version 1.9
[19:36:37] [Server thread/INFO]: Loading properties
[19:36:37] [Server thread/INFO]: Default game type: SURVIVAL
[19:36:37] [Server thread/INFO]: Generating keypair
[19:36:38] [Server thread/INFO]: Starting Minecraft server on *:25565
[19:36:38] [Server thread/INFO]: Using default channel type
[19:36:38] [Server thread/INFO]: Preparing level "world"
[19:36:39] [Server thread/INFO]: Preparing start region for level 0
[19:36:40] [Server thread/INFO]: Preparing spawn area: 0%
[19:36:40] [User Authenticator #1/INFO]: UUID of player FloeTheWarrior is 638f4045-e674-4262-ba78-0531dc2ca589
[19:36:41] [User Authenticator #2/INFO]: UUID of player 811337 is f46a730d-a3c0-42a1-9289-0d433d3a6675
[19:36:41] [Server thread/INFO]: Preparing spawn area: 35%
[19:36:42] [Server thread/INFO]: Preparing spawn area: 82%
[19:36:42] [Server thread/INFO]: Done (4.099s)! For help, type "help" or "?"
[19:36:42] [Server thread/INFO]: FloeTheWarrior[/127.0.0.1:50885] logged in with entity id 395 at (-23.097294984338856, 69.0, 259.37467569668024)
[19:36:42] [Server thread/INFO]: FloeTheWarrior joined the game
[19:36:42] [Server thread/INFO]: 811337[/108.70.93.142:55648] logged in with entity id 396 at (-69.81273000196825, 63.0, 382.5758704919527)
[19:36:42] [Server thread/INFO]: 811337 joined the game
[19:36:45] [Server thread/WARN]: Can't keep up! Did the system time change, or is the server overloaded? Running 2162ms behind, skipping 43 tick(s)
[19:45:41] [Server thread/INFO]: FloeTheWarrior burned to death
[19:46:04] [Server thread/INFO]: FloeTheWarrior lost connection: TextComponent{text='Disconnected', siblings=[], style=Style{hasParent=false, color=null, bold=null, italic=null, underlined=null, obfuscated=null, clickEvent=null, hoverEvent=null, insertion=null}}
[19:46:04] [Server thread/INFO]: FloeTheWarrior left the game
[19:46:07] [User Authenticator #3/INFO]: UUID of player FloeTheWarrior is 638f4045-e674-4262-ba78-0531dc2ca589
[19:46:07] [Server thread/INFO]: FloeTheWarrior[/127.0.0.1:51011] logged in with entity id 24145 at (-23.69999998807907, 77.0, 266.3695938777199)
[19:46:07] [Server thread/INFO]: FloeTheWarrior joined the game
[19:56:43] [Server thread/INFO]: FloeTheWarrior was shot by Skeleton
[19:56:54] [Server thread/INFO]: FloeTheWarrior lost connection: TextComponent{text='Disconnected', siblings=[], style=Style{hasParent=false, color=null, bold=null, italic=null, underlined=null, obfuscated=null, clickEvent=null, hoverEvent=null, insertion=null}}
[19:56:54] [Server thread/INFO]: FloeTheWarrior left the game
[19:56:57] [User Authenticator #4/INFO]: UUID of player FloeTheWarrior is 638f4045-e674-4262-ba78-0531dc2ca589
[19:56:57] [Server thread/INFO]: FloeTheWarrior[/127.0.0.1:51117] logged in with entity id 45521 at (-23.459481351288858, 77.0, 264.50673826708726)
[19:56:57] [Server thread/INFO]: FloeTheWarrior joined the game
[20:24:25] [User Authenticator #5/INFO]: UUID of player harrychin2 is 1af5d84a-2c74-4817-b66a-e045fda07139
[20:24:25] [Server thread/INFO]: harrychin2[/73.208.101.16:38032] logged in with entity id 98487 at (-20.284351972851216, 69.0, 261.97792648889686)
[20:24:25] [Server thread/INFO]: harrychin2 joined the game
[20:24:46] [Server thread/INFO]: harrychin2 has just earned the achievement [Taking Inventory]
[20:29:35] [Server thread/INFO]: <harrychin2> fov min?
[20:30:27] [Server thread/INFO]: harrychin2 lost connection: TextComponent{text='Disconnected', siblings=[], style=Style{hasParent=false, color=null, bold=null, italic=null, underlined=null, obfuscated=null, clickEvent=null, hoverEvent=null, insertion=null}}
[20:30:27] [Server thread/INFO]: harrychin2 left the game
[20:50:14] [Server thread/INFO]: FloeTheWarrior lost connection: TextComponent{text='Disconnected', siblings=[], style=Style{hasParent=false, color=null, bold=null, italic=null, underlined=null, obfuscated=null, clickEvent=null, hoverEvent=null, insertion=null}}
[20:50:14] [Server thread/INFO]: FloeTheWarrior left the game
[20:50:21] [User Authenticator #6/INFO]: UUID of player riboflavinbob is 62499d3c-8a25-4704-9807-03253397b08b
[20:50:21] [Server thread/INFO]: riboflavinbob[/68.52.89.203:62908] logged in with entity id 137686 at (-12.446440814629932, 35.0, 250.67268647380317)
[20:50:21] [Server thread/INFO]: riboflavinbob joined the game
